<?xml version="1.0" encoding="UTF-8"?>
<!-- Generated by org.testng.reporters.JUnitReportReporter -->
<testsuite hostname="DESKTOP-2JLVABI" failures="0" tests="2" name="qaclickacademy.AppiumTest" time="0.016" errors="0" timestamp="2022-07-22T10:30:44 IST" skipped="0">
  <testcase classname="qaclickacademy.AppiumTest" name="NativeAppAndroid" time="0.002"/>
  <system-out/>
  <testcase classname="qaclickacademy.AppiumTest" name="Android" time="0.014"/>
  <system-out/>
</testsuite> <!-- qaclickacademy.AppiumTest -->
