<?xml version="1.0" encoding="UTF-8"?>
<!-- Generated by org.testng.reporters.JUnitReportReporter -->
<testsuite hostname="DESKTOP-2JLVABI" failures="0" tests="1" name="qaclickacademy.RESTAPITest" time="0.014" errors="0" timestamp="2022-07-22T10:28:15 IST" skipped="0">
  <testcase classname="qaclickacademy.RESTAPITest" name="deletefacebook" time="0.014"/>
  <system-out/>
</testsuite> <!-- qaclickacademy.RESTAPITest -->
