<?xml version="1.0" encoding="UTF-8"?>
<!-- Generated by org.testng.reporters.JUnitReportReporter -->
<testsuite hostname="DESKTOP-2JLVABI" failures="0" tests="2" name="qaclickacademy.SeliniumTest" time="0.013" errors="0" timestamp="2022-07-22T10:33:10 IST" skipped="0">
  <testcase classname="qaclickacademy.SeliniumTest" name="elements" time="0.001"/>
  <system-out/>
  <testcase classname="qaclickacademy.SeliniumTest" name="browserautomation" time="0.012"/>
  <system-out/>
</testsuite> <!-- qaclickacademy.SeliniumTest -->
